<?xml version="1.0" encoding="UTF-8" ?>
<testsuite tests="27" failures="0" name="cz.fi.muni.pv168.bank.BankManagerImplTest" time="1.905" errors="0" skipped="0">
  <properties>
    <property name="java.runtime.name" value="Java(TM) SE Runtime Environment"/>
    <property name="sun.boot.library.path" value="C:\Program Files\Java\jdk1.8.0_144\jre\bin"/>
    <property name="java.vm.version" value="25.144-b01"/>
    <property name="java.vm.vendor" value="Oracle Corporation"/>
    <property name="java.vendor.url" value="http://java.oracle.com/"/>
    <property name="path.separator" value=";"/>
    <property name="guice.disable.misplaced.annotation.check" value="true"/>
    <property name="java.vm.name" value="Java HotSpot(TM) 64-Bit Server VM"/>
    <property name="file.encoding.pkg" value="sun.io"/>
    <property name="user.script" value=""/>
    <property name="user.country" value="SK"/>
    <property name="sun.java.launcher" value="SUN_STANDARD"/>
    <property name="sun.os.patch.level" value=""/>
    <property name="java.vm.specification.name" value="Java Virtual Machine Specification"/>
    <property name="user.dir" value="C:\Users\kkata\Desktop\github\project-bank\Bank\bank-backend"/>
    <property name="java.runtime.version" value="1.8.0_144-b01"/>
    <property name="java.awt.graphicsenv" value="sun.awt.Win32GraphicsEnvironment"/>
    <property name="java.endorsed.dirs" value="C:\Program Files\Java\jdk1.8.0_144\jre\lib\endorsed"/>
    <property name="os.arch" value="amd64"/>
    <property name="java.io.tmpdir" value="C:\Users\kkata\AppData\Local\Temp\"/>
    <property name="line.separator" value="
"/>
    <property name="java.vm.specification.vendor" value="Oracle Corporation"/>
    <property name="user.variant" value=""/>
    <property name="os.name" value="Windows 10"/>
    <property name="maven.ext.class.path" value="C:\Program Files\NetBeans 8.2\java\maven-nblib\netbeans-eventspy.jar"/>
    <property name="classworlds.conf" value="C:\Program Files\NetBeans 8.2\java\maven\bin\m2.conf"/>
    <property name="sun.jnu.encoding" value="Cp1250"/>
    <property name="java.library.path" value="C:\Program Files\Java\jdk1.8.0_144\bin;C:\WINDOWS\Sun\Java\bin;C:\WINDOWS\system32;C:\WINDOWS;C:\Program Files\Haskell\bin;C:\Program Files\Haskell Platform\8.2.1\lib\extralibs\bin;C:\Program Files\Haskell Platform\8.2.1\bin;C:\Program Files\Java\jdk1.8.0_144\bin;C:\Program Files\apache-maven-3.5.0\bin;C:\Program Files\Haskell Platform\8.2.1\mingw\bin;C:\Program Files (x86)\Skype\Phone\;C:\WINDOWS\system32;C:\WINDOWS;C:\WINDOWS\System32\Wbem;C:\WINDOWS\System32\WindowsPowerShell\v1.0\;C:\WINDOWS\System32\OpenSSH\;C:\Users\kkata\AppData\Roaming\cabal\bin;C:\Users\kkata\AppData\Roaming\local\bin;C:\Users\kkata\AppData\Local\Microsoft\WindowsApps;JAVA_HOME;;."/>
    <property name="java.specification.name" value="Java Platform API Specification"/>
    <property name="java.class.version" value="52.0"/>
    <property name="sun.management.compiler" value="HotSpot 64-Bit Tiered Compilers"/>
    <property name="os.version" value="10.0"/>
    <property name="user.home" value="C:\Users\kkata"/>
    <property name="user.timezone" value="Europe/Prague"/>
    <property name="java.awt.printerjob" value="sun.awt.windows.WPrinterJob"/>
    <property name="java.specification.version" value="1.8"/>
    <property name="file.encoding" value="Cp1250"/>
    <property name="user.name" value="kkata"/>
    <property name="java.class.path" value="C:\Program Files\NetBeans 8.2\java\maven\boot\plexus-classworlds-2.4.jar"/>
    <property name="java.vm.specification.version" value="1.8"/>
    <property name="sun.arch.data.model" value="64"/>
    <property name="java.home" value="C:\Program Files\Java\jdk1.8.0_144\jre"/>
    <property name="sun.java.command" value="org.codehaus.plexus.classworlds.launcher.Launcher -Dmaven.ext.class.path=C:\Program Files\NetBeans 8.2\java\maven-nblib\netbeans-eventspy.jar install"/>
    <property name="java.specification.vendor" value="Oracle Corporation"/>
    <property name="user.language" value="sk"/>
    <property name="awt.toolkit" value="sun.awt.windows.WToolkit"/>
    <property name="java.vm.info" value="mixed mode"/>
    <property name="java.version" value="1.8.0_144"/>
    <property name="java.ext.dirs" value="C:\Program Files\Java\jdk1.8.0_144\jre\lib\ext;C:\WINDOWS\Sun\Java\lib\ext"/>
    <property name="sun.boot.class.path" value="C:\Program Files\Java\jdk1.8.0_144\jre\lib\resources.jar;C:\Program Files\Java\jdk1.8.0_144\jre\lib\rt.jar;C:\Program Files\Java\jdk1.8.0_144\jre\lib\sunrsasign.jar;C:\Program Files\Java\jdk1.8.0_144\jre\lib\jsse.jar;C:\Program Files\Java\jdk1.8.0_144\jre\lib\jce.jar;C:\Program Files\Java\jdk1.8.0_144\jre\lib\charsets.jar;C:\Program Files\Java\jdk1.8.0_144\jre\lib\jfr.jar;C:\Program Files\Java\jdk1.8.0_144\jre\classes"/>
    <property name="java.vendor" value="Oracle Corporation"/>
    <property name="maven.home" value="C:\Program Files\NetBeans 8.2\java\maven"/>
    <property name="file.separator" value="\"/>
    <property name="java.vendor.url.bug" value="http://bugreport.sun.com/bugreport/"/>
    <property name="sun.cpu.endian" value="little"/>
    <property name="sun.io.unicode.encoding" value="UnicodeLittle"/>
    <property name="sun.desktop" value="windows"/>
    <property name="sun.cpu.isalist" value="amd64"/>
  </properties>
  <testcase classname="cz.fi.muni.pv168.bank.BankManagerImplTest" name="deleteAccountWithNullPerson" time="0.18"/>
  <testcase classname="cz.fi.muni.pv168.bank.BankManagerImplTest" name="deleteAccountToWrongPerson" time="0.174"/>
  <testcase classname="cz.fi.muni.pv168.bank.BankManagerImplTest" name="findAccountsWithNullPerson" time="0.052"/>
  <testcase classname="cz.fi.muni.pv168.bank.BankManagerImplTest" name="openNewAccount" time="0.079"/>
  <testcase classname="cz.fi.muni.pv168.bank.BankManagerImplTest" name="deleteAccount" time="0.139"/>
  <testcase classname="cz.fi.muni.pv168.bank.BankManagerImplTest" name="processPaymentWithNegativeSum" time="0.086"/>
  <testcase classname="cz.fi.muni.pv168.bank.BankManagerImplTest" name="processPayment" time="0.13"/>
  <testcase classname="cz.fi.muni.pv168.bank.BankManagerImplTest" name="findAllAccounts" time="0.108"/>
  <testcase classname="cz.fi.muni.pv168.bank.BankManagerImplTest" name="findPersonWithAccount" time="0.091"/>
  <testcase classname="cz.fi.muni.pv168.bank.BankManagerImplTest" name="openNewAccountToNullPerson" time="0.062"/>
  <testcase classname="cz.fi.muni.pv168.bank.BankManagerImplTest" name="openNewAccountWithNullNumber" time="0.056"/>
  <testcase classname="cz.fi.muni.pv168.bank.BankManagerImplTest" name="openNewAccountMultipleTime" time="0.078"/>
  <testcase classname="cz.fi.muni.pv168.bank.BankManagerImplTest" name="openNewNullAccount" time="0.055"/>
  <testcase classname="cz.fi.muni.pv168.bank.BankManagerImplTest" name="deleteNullAccount" time="0.05"/>
  <testcase classname="cz.fi.muni.pv168.bank.BankManagerImplTest" name="openNewAccountNotInDB" time="0.074"/>
  <testcase classname="cz.fi.muni.pv168.bank.BankManagerImplTest" name="openNewAccountToPersonNotInDB" time="0.04"/>
  <testcase classname="cz.fi.muni.pv168.bank.BankManagerImplTest" name="findPersonWithAccountHavingNullId" time="0.033"/>
  <testcase classname="cz.fi.muni.pv168.bank.BankManagerImplTest" name="openAccountToMultiplePeople" time="0.06"/>
  <testcase classname="cz.fi.muni.pv168.bank.BankManagerImplTest" name="processPaymentWithNullToAccount" time="0.027"/>
  <testcase classname="cz.fi.muni.pv168.bank.BankManagerImplTest" name="findAccountsWithPersonHavingNullId" time="0.049"/>
  <testcase classname="cz.fi.muni.pv168.bank.BankManagerImplTest" name="processPaymentWithNullFromAccount" time="0.043"/>
  <testcase classname="cz.fi.muni.pv168.bank.BankManagerImplTest" name="deleteAccountToPersonNotInDB" time="0.062"/>
  <testcase classname="cz.fi.muni.pv168.bank.BankManagerImplTest" name="openNewAccountWithNullId" time="0.039"/>
  <testcase classname="cz.fi.muni.pv168.bank.BankManagerImplTest" name="findPersonWithNullAccount" time="0.033"/>
  <testcase classname="cz.fi.muni.pv168.bank.BankManagerImplTest" name="deleteAccountNotInDB" time="0.034"/>
  <testcase classname="cz.fi.muni.pv168.bank.BankManagerImplTest" name="deleteAccountToPersonWithNullId" time="0.029"/>
  <testcase classname="cz.fi.muni.pv168.bank.BankManagerImplTest" name="deleteAccountWithNullNumber" time="0.029"/>
</testsuite>